/*C2*/SET SCHEMA PUBLIC
DELETE FROM "mendixsystem$version" WHERE "versionnumber"='4.2'
INSERT INTO "mendixsystem$version" VALUES('4.2','2021-01-22 16:48:45.637000','4.1.0','unversioned','App','9.0.2.11120')
COMMIT
/*C3*/SET SCHEMA PUBLIC
DELETE FROM "mendixsystem$entityidentifier" WHERE "id"='d4154981-8dac-4150-aec5-efa3ef62a7a2'
INSERT INTO "mendixsystem$entityidentifier" VALUES('d4154981-8dac-4150-aec5-efa3ef62a7a2',3,3301)
COMMIT
INSERT INTO "system$xasinstance" VALUES(844424930135169,'635c9f3f-42e7-4eb2-a19b-6cbece11a25f','2021-02-05 02:49:04.837000','2021-02-05 02:49:04.843000',NULL,NULL,NULL)
COMMIT
DELETE FROM "system$userrole" WHERE "id"=3659174697238529
INSERT INTO "system$userrole" VALUES(3659174697238529,'8dd52bfa-6d7e-453b-b506-303c0a3d9567','','Administrator')
DELETE FROM "system$userrole" WHERE "id"=3659174697238530
INSERT INTO "system$userrole" VALUES(3659174697238530,'53f5d6fa-6da9-4a71-b011-454ec052cce8','','User')
COMMIT
DELETE FROM "system$user" WHERE "id"=4503599627370497
INSERT INTO "system$user" VALUES(4503599627370497,'2021-01-22 01:10:10.712000',TRUE,'2021-01-22 01:10:10.712000','2021-02-01 02:13:07.727000',FALSE,FALSE,0,FALSE,'demo_administrator','{BCrypt}$2a$10$YJSa39WOa.3sOSiirESDjeUF2Nl.5eAohJpxhd/NP6WYOOzeUPR.C','Administration.Account',NULL,4503599627370497)
COMMIT
/*C4*/SET SCHEMA PUBLIC
DELETE FROM "system$user" WHERE "id"=4503599627370498
INSERT INTO "system$user" VALUES(4503599627370498,'2021-01-22 01:10:10.811000',TRUE,'2021-01-22 01:10:10.811000','2021-02-01 02:13:04.774000',FALSE,FALSE,0,FALSE,'demo_user','{BCrypt}$2a$10$2Sln/cYXWUDCIB8VgvGPP.biExao3wdv8Ldv5/InxBlplWGM3mzGW','Administration.Account',NULL,4503599627370498)
COMMIT
DELETE FROM "mendixsystem$properties" WHERE "key"='Mendix.Runtime.DeploymentID'
INSERT INTO "mendixsystem$properties" VALUES('Mendix.Runtime.DeploymentID','637481189364516410')
COMMIT
DELETE FROM "system$session" WHERE "id"=9007199254743993
DELETE FROM "system$session_user" WHERE "system$sessionid"=9007199254743993 AND "system$userid"=281474976712657
COMMIT
/*C3*/DELETE FROM "system$user" WHERE "id"=281474976712657
INSERT INTO "system$user" VALUES(281474976712657,'2021-01-22 01:10:11.241000',TRUE,'2021-01-22 01:10:11.241000','2021-02-05 01:25:44.609000',FALSE,FALSE,0,FALSE,'Admin','{BCrypt}$2a$10$E71BUZlPGYVfBqL447x.vuhmYUBwLS.AWzA7UNZLo4yJR2yFpwCjq','System.User',NULL,281474976712657)
COMMIT
DELETE FROM "system$xasinstance" WHERE "id"=844424930135169
INSERT INTO "system$xasinstance" VALUES(844424930135169,'635c9f3f-42e7-4eb2-a19b-6cbece11a25f','2021-02-05 02:49:04.837000','2021-02-05 02:49:06.359000',NULL,NULL,NULL)
COMMIT
